<?xml version="1.0" encoding="UTF-8"?>
<testsuite name="com.studymavernspringboot.forthetest.AccountServiceTests" tests="3" skipped="0" failures="0" errors="0" timestamp="2024-06-19T10:42:19" hostname="3-6" time="0.105">
  <properties/>
  <testcase name="moneyOut()" classname="com.studymavernspringboot.forthetest.AccountServiceTests" time="0.091"/>
  <testcase name="moneyIn()" classname="com.studymavernspringboot.forthetest.AccountServiceTests" time="0.001"/>
  <testcase name="addAccountTest()" classname="com.studymavernspringboot.forthetest.AccountServiceTests" time="0.01"/>
  <system-out><![CDATA[]]></system-out>
  <system-err><![CDATA[]]></system-err>
</testsuite>
